<?xml version="1.0" encoding="UTF-8"?>
<!-- Generated by org.testng.reporters.JUnitReportReporter -->
<testsuite hostname="SarthakDell" failures="0" tests="1" name="com.learning_Automation_Day11_7th_Aug_TestNG.Topic4_SoftAssert_vs_HardAssert" time="0.023" errors="0" timestamp="2024-08-07T20:58:57 EDT" skipped="0">
  <testcase classname="com.learning_Automation_Day11_7th_Aug_TestNG.Topic4_SoftAssert_vs_HardAssert" name="softAssertWay" time="0.023"/>
</testsuite> <!-- com.learning_Automation_Day11_7th_Aug_TestNG.Topic4_SoftAssert_vs_HardAssert -->
