<?xml version="1.0" encoding="UTF-8"?>
<!-- Generated by org.testng.reporters.JUnitReportReporter -->
<testsuite hostname="SarthakDell" failures="0" tests="1" name="com.learning_Automation_Day20_10th_Sep_Dynamic_Dropdown.LoopingDropdown" time="16.508" errors="0" timestamp="11 Sep 2024 00:00:45 GMT" skipped="0">
  <testcase classname="com.learning_Automation_Day20_10th_Sep_Dynamic_Dropdown.LoopingDropdown" name="easeMyTrip" time="16.508"/>
</testsuite> <!-- com.learning_Automation_Day20_10th_Sep_Dynamic_Dropdown.LoopingDropdown -->
