<?xml version="1.0" encoding="UTF-8"?>
<!-- Generated by org.testng.reporters.JUnitReportReporter -->
<testsuite hostname="SarthakDell" failures="0" tests="6" name="com.learning_Automation_Day17_28th_Aug_TestNG_DataProvider.Topic3_RegisterExample" time="45.448" errors="0" timestamp="28 Aug 2024 23:03:00 GMT" skipped="0">
  <testcase classname="com.learning_Automation_Day17_28th_Aug_TestNG_DataProvider.Topic3_RegisterExample" name="registerTest" time="7.797"/>
  <testcase classname="com.learning_Automation_Day17_28th_Aug_TestNG_DataProvider.Topic3_RegisterExample" name="registerTest" time="7.519"/>
  <testcase classname="com.learning_Automation_Day17_28th_Aug_TestNG_DataProvider.Topic3_RegisterExample" name="registerTest" time="7.691"/>
  <testcase classname="com.learning_Automation_Day17_28th_Aug_TestNG_DataProvider.Topic3_RegisterExample" name="registerTest" time="7.553"/>
  <testcase classname="com.learning_Automation_Day17_28th_Aug_TestNG_DataProvider.Topic3_RegisterExample" name="registerTest" time="7.267"/>
  <testcase classname="com.learning_Automation_Day17_28th_Aug_TestNG_DataProvider.Topic3_RegisterExample" name="registerTest" time="7.621"/>
</testsuite> <!-- com.learning_Automation_Day17_28th_Aug_TestNG_DataProvider.Topic3_RegisterExample -->
