<?xml version="1.0" encoding="UTF-8"?>
<!-- Generated by org.testng.reporters.JUnitReportReporter -->
<testsuite hostname="SarthakDell" failures="0" tests="1" name="com.learning_Automation_Day22_17th_Sep_KeyboardActions.Keyboard" time="7.493" errors="0" timestamp="17 Sep 2024 23:56:47 GMT" skipped="0">
  <testcase classname="com.learning_Automation_Day22_17th_Sep_KeyboardActions.Keyboard" name="TutotialsNinjaKeyboard" time="7.493"/>
</testsuite> <!-- com.learning_Automation_Day22_17th_Sep_KeyboardActions.Keyboard -->
