<?xml version="1.0" encoding="UTF-8"?>
<!-- Generated by org.testng.reporters.JUnitReportReporter -->
<testsuite hostname="SarthakDell" failures="0" tests="2" name="com.learning_Automation_Day17_28th_Aug_TestNG_Include_Exclude.RegisterTest" time="0.001" errors="0" timestamp="29 Aug 2024 01:36:49 GMT" skipped="0">
  <testcase classname="com.learning_Automation_Day17_28th_Aug_TestNG_Include_Exclude.RegisterTest" name="registerTest1" time="0.000"/>
  <testcase classname="com.learning_Automation_Day17_28th_Aug_TestNG_Include_Exclude.RegisterTest" name="registerTest2" time="0.001"/>
</testsuite> <!-- com.learning_Automation_Day17_28th_Aug_TestNG_Include_Exclude.RegisterTest -->
