<?xml version="1.0" encoding="UTF-8"?>
<!-- Generated by org.testng.reporters.JUnitReportReporter -->
<testsuite hostname="SarthakDell" failures="0" tests="1" name="com.learning_Automation_Day20_10th_Sep_Dynamic_Dropdown.AutoSuggestive_Dropdown" time="20.210" errors="0" timestamp="10 Sep 2024 23:47:21 GMT" skipped="0">
  <testcase classname="com.learning_Automation_Day20_10th_Sep_Dynamic_Dropdown.AutoSuggestive_Dropdown" name="makeMyTrip" time="20.210"/>
</testsuite> <!-- com.learning_Automation_Day20_10th_Sep_Dynamic_Dropdown.AutoSuggestive_Dropdown -->
