<?xml version="1.0" encoding="UTF-8"?>
<!-- Generated by org.testng.reporters.JUnitReportReporter -->
<testsuite hostname="SarthakDell" failures="0" tests="3" name="com.learning_Automation_Day11_7th_Aug_TestNG_BatchRunning.SearchProductTest" time="16.493" errors="0" timestamp="2024-08-07T21:39:20 EDT" skipped="0">
  <testcase classname="com.learning_Automation_Day11_7th_Aug_TestNG_BatchRunning.SearchProductTest" name="verifySearchWithValidProduct" time="5.470"/>
  <testcase classname="com.learning_Automation_Day11_7th_Aug_TestNG_BatchRunning.SearchProductTest" name="verifySearchWithNoProduct" time="5.357"/>
  <testcase classname="com.learning_Automation_Day11_7th_Aug_TestNG_BatchRunning.SearchProductTest" name="verifySearchWithInvalidProduct" time="5.666"/>
</testsuite> <!-- com.learning_Automation_Day11_7th_Aug_TestNG_BatchRunning.SearchProductTest -->
