<?xml version="1.0" encoding="UTF-8"?>
<!-- Generated by org.testng.reporters.JUnitReportReporter -->
<testsuite hostname="SarthakDell" failures="0" tests="2" name="com.learning_Automation_Day10_6th_Aug_TestNG_BASICS.Topic6_TriCombo_Application_in_Automation" time="14.595" errors="0" timestamp="2024-08-06T19:53:24 EDT" skipped="0">
  <testcase classname="com.learning_Automation_Day10_6th_Aug_TestNG_BASICS.Topic6_TriCombo_Application_in_Automation" name="loginTestWithInvalidCredentials" time="7.673"/>
  <testcase classname="com.learning_Automation_Day10_6th_Aug_TestNG_BASICS.Topic6_TriCombo_Application_in_Automation" name="loginTestWithValidCredentials" time="6.922"/>
</testsuite> <!-- com.learning_Automation_Day10_6th_Aug_TestNG_BASICS.Topic6_TriCombo_Application_in_Automation -->
