<?xml version="1.0" encoding="UTF-8"?>
<!-- Generated by org.testng.reporters.JUnitReportReporter -->
<testsuite hostname="SarthakDell" failures="0" tests="4" name="com.learning_Automation_Day11_7th_Aug_TestNG_BatchRunning.RegisterTest" time="28.216" errors="0" timestamp="2024-08-07T21:39:20 EDT" skipped="0">
  <testcase classname="com.learning_Automation_Day11_7th_Aug_TestNG_BatchRunning.RegisterTest" name="verifyRegisterWithMandatoryDetails" time="7.889"/>
  <testcase classname="com.learning_Automation_Day11_7th_Aug_TestNG_BatchRunning.RegisterTest" name="verifyRegisterWithAllDetails" time="7.212"/>
  <testcase classname="com.learning_Automation_Day11_7th_Aug_TestNG_BatchRunning.RegisterTest" name="verifyRegisterWithIncorrectConfirmPassword" time="6.976"/>
  <testcase classname="com.learning_Automation_Day11_7th_Aug_TestNG_BatchRunning.RegisterTest" name="verifyRegisterWithNoDetails" time="6.139"/>
</testsuite> <!-- com.learning_Automation_Day11_7th_Aug_TestNG_BatchRunning.RegisterTest -->
