<?xml version="1.0" encoding="UTF-8"?>
<!-- Generated by org.testng.reporters.JUnitReportReporter -->
<testsuite hostname="SarthakDell" failures="0" tests="1" name="com.learning_Automation_Day14_21st_Aug_FileHandling.Topic4_RegisterTest" time="8.881" errors="0" timestamp="21 Aug 2024 00:03:47 GMT" skipped="0">
  <testcase classname="com.learning_Automation_Day14_21st_Aug_FileHandling.Topic4_RegisterTest" name="registerAccountWithAllDetails" time="8.881"/>
</testsuite> <!-- com.learning_Automation_Day14_21st_Aug_FileHandling.Topic4_RegisterTest -->
