<?xml version="1.0" encoding="UTF-8"?>
<!-- Generated by org.testng.reporters.JUnitReportReporter -->
<testsuite hostname="SarthakDell" failures="0" tests="1" name="com.learning_Automation_Day20_10th_Sep_MultipleWebElements.Topic2_Flipkart" time="7.618" errors="0" timestamp="11 Sep 2024 01:03:15 GMT" skipped="0">
  <testcase classname="com.learning_Automation_Day20_10th_Sep_MultipleWebElements.Topic2_Flipkart" name="flipkartMensFashion" time="7.618"/>
</testsuite> <!-- com.learning_Automation_Day20_10th_Sep_MultipleWebElements.Topic2_Flipkart -->
