<?xml version="1.0" encoding="UTF-8"?>
<!-- Generated by org.testng.reporters.JUnitReportReporter -->
<testsuite hostname="SarthakDell" failures="0" tests="1" name="com.learning_Automation_Day15_21st_Aug_Zoom_in_out.Zoom" time="5.575" errors="0" timestamp="22 Aug 2024 01:42:52 GMT" skipped="0">
  <testcase classname="com.learning_Automation_Day15_21st_Aug_Zoom_in_out.Zoom" name="shaadiCom" time="5.575"/>
</testsuite> <!-- com.learning_Automation_Day15_21st_Aug_Zoom_in_out.Zoom -->
