<?xml version="1.0" encoding="UTF-8"?>
<!-- Generated by org.testng.reporters.JUnitReportReporter -->
<testsuite hostname="SarthakDell" failures="0" tests="1" name="com.learning_Automation_Day10_6th_Aug_TestNG_BASICS.Topic3_Annotations_Execution" time="0.011" errors="0" timestamp="2024-08-06T19:29:59 EDT" skipped="0">
  <testcase classname="com.learning_Automation_Day10_6th_Aug_TestNG_BASICS.Topic3_Annotations_Execution" name="testCase1" time="0.011"/>
</testsuite> <!-- com.learning_Automation_Day10_6th_Aug_TestNG_BASICS.Topic3_Annotations_Execution -->
