<?xml version="1.0" encoding="UTF-8"?>
<!-- Generated by org.testng.reporters.JUnitReportReporter -->
<testsuite hostname="SarthakDell" failures="0" tests="1" name="com.learning_Automation_Day16_27th_Aug_ValidatingExceptions_TestNG.Topic1" time="9.384" errors="0" timestamp="28 Aug 2024 01:47:04 GMT" skipped="0">
  <testcase classname="com.learning_Automation_Day16_27th_Aug_ValidatingExceptions_TestNG.Topic1" name="loginTest" time="9.384"/>
</testsuite> <!-- com.learning_Automation_Day16_27th_Aug_ValidatingExceptions_TestNG.Topic1 -->
