<?xml version="1.0" encoding="UTF-8"?>
<!-- Generated by org.testng.reporters.JUnitReportReporter -->
<testsuite hostname="SarthakDell" failures="0" tests="1" name="com.learning_Automation_Day15_21st_Aug_ChromeOptions.ChromeBrowser" time="9.784" errors="0" timestamp="22 Aug 2024 00:39:55 GMT" skipped="0">
  <testcase classname="com.learning_Automation_Day15_21st_Aug_ChromeOptions.ChromeBrowser" name="ChromeOptionsCheck" time="9.784"/>
</testsuite> <!-- com.learning_Automation_Day15_21st_Aug_ChromeOptions.ChromeBrowser -->
