<?xml version="1.0" encoding="UTF-8"?>
<!-- Generated by org.testng.reporters.JUnitReportReporter -->
<testsuite hostname="SarthakSyduAIO" failures="0" tests="10" name="com.learning_Automation_Day12_13th_Aug_Relating_to_ReturnType_Methods_in_Automation.RegsiterTest" time="65.167" errors="0" timestamp="2024-08-13T20:14:30 EDT" skipped="0">
  <testcase classname="com.learning_Automation_Day12_13th_Aug_Relating_to_ReturnType_Methods_in_Automation.RegsiterTest" name="verifyRegisterWithMandatoryDetails" time="7.245"/>
  <system-out/>
  <testcase classname="com.learning_Automation_Day12_13th_Aug_Relating_to_ReturnType_Methods_in_Automation.RegsiterTest" name="verifyRegisterWithMandatoryDetails" time="6.887"/>
  <system-out/>
  <testcase classname="com.learning_Automation_Day12_13th_Aug_Relating_to_ReturnType_Methods_in_Automation.RegsiterTest" name="verifyRegisterWithMandatoryDetails" time="6.081"/>
  <system-out/>
  <testcase classname="com.learning_Automation_Day12_13th_Aug_Relating_to_ReturnType_Methods_in_Automation.RegsiterTest" name="verifyRegisterWithMandatoryDetails" time="5.852"/>
  <system-out/>
  <testcase classname="com.learning_Automation_Day12_13th_Aug_Relating_to_ReturnType_Methods_in_Automation.RegsiterTest" name="verifyRegisterWithMandatoryDetails" time="6.500"/>
  <system-out/>
  <testcase classname="com.learning_Automation_Day12_13th_Aug_Relating_to_ReturnType_Methods_in_Automation.RegsiterTest" name="verifyRegisterWithMandatoryDetails" time="7.133"/>
  <system-out/>
  <testcase classname="com.learning_Automation_Day12_13th_Aug_Relating_to_ReturnType_Methods_in_Automation.RegsiterTest" name="verifyRegisterWithMandatoryDetails" time="6.430"/>
  <system-out/>
  <testcase classname="com.learning_Automation_Day12_13th_Aug_Relating_to_ReturnType_Methods_in_Automation.RegsiterTest" name="verifyRegisterWithMandatoryDetails" time="5.954"/>
  <system-out/>
  <testcase classname="com.learning_Automation_Day12_13th_Aug_Relating_to_ReturnType_Methods_in_Automation.RegsiterTest" name="verifyRegisterWithMandatoryDetails" time="6.207"/>
  <system-out/>
  <testcase classname="com.learning_Automation_Day12_13th_Aug_Relating_to_ReturnType_Methods_in_Automation.RegsiterTest" name="verifyRegisterWithMandatoryDetails" time="6.878"/>
  <system-out/>
</testsuite> <!-- com.learning_Automation_Day12_13th_Aug_Relating_to_ReturnType_Methods_in_Automation.RegsiterTest -->
