<?xml version="1.0" encoding="UTF-8"?>
<!-- Generated by org.testng.reporters.JUnitReportReporter -->
<testsuite hostname="SarthakDell" failures="0" tests="3" name="com.learning_Automation_Day10_6th_Aug_TestNG_BASICS.Topic5_TriCombo" time="0.038" errors="0" timestamp="2024-08-06T19:43:39 EDT" skipped="0">
  <testcase classname="com.learning_Automation_Day10_6th_Aug_TestNG_BASICS.Topic5_TriCombo" name="testCase2" time="0.023"/>
  <testcase classname="com.learning_Automation_Day10_6th_Aug_TestNG_BASICS.Topic5_TriCombo" name="testCase1" time="0.008"/>
  <testcase classname="com.learning_Automation_Day10_6th_Aug_TestNG_BASICS.Topic5_TriCombo" name="testCase3" time="0.007"/>
</testsuite> <!-- com.learning_Automation_Day10_6th_Aug_TestNG_BASICS.Topic5_TriCombo -->
