<?xml version="1.0" encoding="UTF-8"?>
<!-- Generated by org.testng.reporters.JUnitReportReporter -->
<testsuite hostname="SarthakDell" failures="0" tests="1" name="com.learning_Automation_Day15_21st_Aug_WaitConditions.Topic1_Types" time="7.160" errors="0" timestamp="21 Aug 2024 23:24:20 GMT" skipped="0">
  <testcase classname="com.learning_Automation_Day15_21st_Aug_WaitConditions.Topic1_Types" name="explicitWaitOfSeleniumWhichActsLikeImplicit" time="7.160"/>
</testsuite> <!-- com.learning_Automation_Day15_21st_Aug_WaitConditions.Topic1_Types -->
