<?xml version="1.0" encoding="UTF-8"?>
<!-- Generated by org.testng.reporters.JUnitReportReporter -->
<testsuite hostname="SarthakDell" failures="0" tests="1" name="com.learning_Automation_Day20_10th_Sep_MultipleWebElements.Response_Code" time="88.091" errors="0" timestamp="18 Sep 2024 01:38:40 GMT" skipped="0">
  <testcase classname="com.learning_Automation_Day20_10th_Sep_MultipleWebElements.Response_Code" name="rediffFooterlinks" time="88.091"/>
</testsuite> <!-- com.learning_Automation_Day20_10th_Sep_MultipleWebElements.Response_Code -->
