<?xml version="1.0" encoding="UTF-8"?>
<!-- Generated by org.testng.reporters.JUnitReportReporter -->
<testsuite hostname="SarthakDell" failures="0" tests="2" name="com.learning_Automation_Day23_18th_Sep_CalendarAutomation.Example1" time="26.854" errors="0" timestamp="19 Sep 2024 01:18:16 GMT" skipped="0">
  <testcase classname="com.learning_Automation_Day23_18th_Sep_CalendarAutomation.Example1" name="datePickerFutureDateTest" time="10.745"/>
  <testcase classname="com.learning_Automation_Day23_18th_Sep_CalendarAutomation.Example1" name="datePickerPastDateTest" time="16.109"/>
</testsuite> <!-- com.learning_Automation_Day23_18th_Sep_CalendarAutomation.Example1 -->
