<?xml version="1.0" encoding="UTF-8"?>
<!-- Generated by org.testng.reporters.JUnitReportReporter -->
<testsuite hostname="SarthakSyduAIO" failures="0" tests="4" name="com.learning_Automation_Day13_14th_Aug_TestBase.RegsiterTest" time="35.073" errors="0" timestamp="2024-08-14T21:55:20 EDT" skipped="0">
  <testcase classname="com.learning_Automation_Day13_14th_Aug_TestBase.RegsiterTest" name="verifyRegisterWithMandatoryDetails" time="9.108"/>
  <system-out/>
  <testcase classname="com.learning_Automation_Day13_14th_Aug_TestBase.RegsiterTest" name="verifyRegisterWithAllDetails" time="8.877"/>
  <system-out/>
  <testcase classname="com.learning_Automation_Day13_14th_Aug_TestBase.RegsiterTest" name="verifyRegisterWithIncorrectConfirmPassword" time="8.365"/>
  <system-out/>
  <testcase classname="com.learning_Automation_Day13_14th_Aug_TestBase.RegsiterTest" name="verifyRegisterWithNoDetails" time="8.723"/>
  <system-out/>
</testsuite> <!-- com.learning_Automation_Day13_14th_Aug_TestBase.RegsiterTest -->
