<?xml version="1.0" encoding="UTF-8"?>
<!-- Generated by org.testng.reporters.JUnitReportReporter -->
<testsuite hostname="SarthakDell" failures="0" tests="1" name="com.learning_Automation_Day15_21st_Aug_Tooltip.Tooltip" time="3.413" errors="0" timestamp="22 Aug 2024 01:49:00 GMT" skipped="0">
  <testcase classname="com.learning_Automation_Day15_21st_Aug_Tooltip.Tooltip" name="toolTip" time="3.413"/>
</testsuite> <!-- com.learning_Automation_Day15_21st_Aug_Tooltip.Tooltip -->
