<?xml version="1.0" encoding="UTF-8"?>
<!-- Generated by org.testng.reporters.JUnitReportReporter -->
<testsuite hostname="SarthakDell" failures="0" tests="1" name="com.learning_Automation_Day21_11th_Sep_AutomationPractice.LoginTest" time="7.293" errors="0" timestamp="12 Sep 2024 01:56:49 GMT" skipped="0">
  <testcase classname="com.learning_Automation_Day21_11th_Sep_AutomationPractice.LoginTest" name="verifyLoginWithValidCredentials" time="7.293"/>
</testsuite> <!-- com.learning_Automation_Day21_11th_Sep_AutomationPractice.LoginTest -->
