<?xml version="1.0" encoding="UTF-8"?>
<!-- Generated by org.testng.reporters.JUnitReportReporter -->
<testsuite hostname="SarthakDell" failures="0" tests="1" name="com.learning_Automation_Day20_10th_Sep_MultipleWebElements.Topic1_Handling_Multiple_WebElements" time="15.437" errors="0" timestamp="11 Sep 2024 00:52:22 GMT" skipped="0">
  <testcase classname="com.learning_Automation_Day20_10th_Sep_MultipleWebElements.Topic1_Handling_Multiple_WebElements" name="bbc" time="15.437"/>
</testsuite> <!-- com.learning_Automation_Day20_10th_Sep_MultipleWebElements.Topic1_Handling_Multiple_WebElements -->
