<?xml version="1.0" encoding="UTF-8"?>
<!-- Generated by org.testng.reporters.JUnitReportReporter -->
<testsuite hostname="SarthakDell" failures="0" tests="1" name="com.learning_Automation_Day11_7th_Aug_TestNG.Topi2_RegisterTest_Assertions" time="7.064" errors="0" timestamp="2024-08-07T20:46:28 EDT" skipped="0">
  <testcase classname="com.learning_Automation_Day11_7th_Aug_TestNG.Topi2_RegisterTest_Assertions" name="verifyRegisterWithNoDetails" time="7.064"/>
</testsuite> <!-- com.learning_Automation_Day11_7th_Aug_TestNG.Topi2_RegisterTest_Assertions -->
