<?xml version="1.0" encoding="UTF-8"?>
<!-- Generated by org.testng.reporters.JUnitReportReporter -->
<testsuite hostname="SarthakDell" failures="0" tests="1" name="com.learning_Automation_Day14_21st_Aug_FileHandling.Topic2_Read_PropertiesFile" time="8.879" errors="0" timestamp="20 Aug 2024 23:21:15 GMT" skipped="0">
  <testcase classname="com.learning_Automation_Day14_21st_Aug_FileHandling.Topic2_Read_PropertiesFile" name="openApplication" time="8.879"/>
</testsuite> <!-- com.learning_Automation_Day14_21st_Aug_FileHandling.Topic2_Read_PropertiesFile -->
