<?xml version="1.0" encoding="UTF-8"?>
<!-- Generated by org.testng.reporters.JUnitReportReporter -->
<testsuite hostname="SarthakDell" failures="0" tests="4" name="com.learning_Automation_Day11_7th_Aug_TestNG_BatchRunning.RegisterTest" time="28.015" errors="0" timestamp="29 Aug 2024 02:03:14 GMT" skipped="0">
  <testcase classname="com.learning_Automation_Day11_7th_Aug_TestNG_BatchRunning.RegisterTest" name="verifyRegisterWithMandatoryDetails" time="7.340"/>
  <testcase classname="com.learning_Automation_Day11_7th_Aug_TestNG_BatchRunning.RegisterTest" name="verifyRegisterWithAllDetails" time="7.203"/>
  <testcase classname="com.learning_Automation_Day11_7th_Aug_TestNG_BatchRunning.RegisterTest" name="verifyRegisterWithIncorrectConfirmPassword" time="7.519"/>
  <testcase classname="com.learning_Automation_Day11_7th_Aug_TestNG_BatchRunning.RegisterTest" name="verifyRegisterWithNoDetails" time="5.953"/>
</testsuite> <!-- com.learning_Automation_Day11_7th_Aug_TestNG_BatchRunning.RegisterTest -->
