<?xml version="1.0" encoding="UTF-8"?>
<!-- Generated by org.testng.reporters.JUnitReportReporter -->
<testsuite hostname="SarthakDell" failures="0" tests="26" name="com.learning_Automation_Day17_28th_Aug_TestNG_DataProviderWithExcelSheet.TestCases" time="196.419" errors="0" timestamp="29 Aug 2024 00:56:21 GMT" skipped="0">
  <testcase classname="com.learning_Automation_Day17_28th_Aug_TestNG_DataProviderWithExcelSheet.TestCases" name="registerTest" time="8.088"/>
  <testcase classname="com.learning_Automation_Day17_28th_Aug_TestNG_DataProviderWithExcelSheet.TestCases" name="registerTest" time="7.503"/>
  <testcase classname="com.learning_Automation_Day17_28th_Aug_TestNG_DataProviderWithExcelSheet.TestCases" name="registerTest" time="6.953"/>
  <testcase classname="com.learning_Automation_Day17_28th_Aug_TestNG_DataProviderWithExcelSheet.TestCases" name="registerTest" time="7.682"/>
  <testcase classname="com.learning_Automation_Day17_28th_Aug_TestNG_DataProviderWithExcelSheet.TestCases" name="registerTest" time="7.282"/>
  <testcase classname="com.learning_Automation_Day17_28th_Aug_TestNG_DataProviderWithExcelSheet.TestCases" name="registerTest" time="7.416"/>
  <testcase classname="com.learning_Automation_Day17_28th_Aug_TestNG_DataProviderWithExcelSheet.TestCases" name="registerTest" time="7.398"/>
  <testcase classname="com.learning_Automation_Day17_28th_Aug_TestNG_DataProviderWithExcelSheet.TestCases" name="registerTest" time="7.269"/>
  <testcase classname="com.learning_Automation_Day17_28th_Aug_TestNG_DataProviderWithExcelSheet.TestCases" name="registerTest" time="7.441"/>
  <testcase classname="com.learning_Automation_Day17_28th_Aug_TestNG_DataProviderWithExcelSheet.TestCases" name="registerTest" time="7.310"/>
  <testcase classname="com.learning_Automation_Day17_28th_Aug_TestNG_DataProviderWithExcelSheet.TestCases" name="registerTest" time="8.094"/>
  <testcase classname="com.learning_Automation_Day17_28th_Aug_TestNG_DataProviderWithExcelSheet.TestCases" name="registerTest" time="8.368"/>
  <testcase classname="com.learning_Automation_Day17_28th_Aug_TestNG_DataProviderWithExcelSheet.TestCases" name="registerTest" time="7.535"/>
  <testcase classname="com.learning_Automation_Day17_28th_Aug_TestNG_DataProviderWithExcelSheet.TestCases" name="registerTest" time="8.170"/>
  <testcase classname="com.learning_Automation_Day17_28th_Aug_TestNG_DataProviderWithExcelSheet.TestCases" name="registerTest" time="7.834"/>
  <testcase classname="com.learning_Automation_Day17_28th_Aug_TestNG_DataProviderWithExcelSheet.TestCases" name="registerTest" time="6.816"/>
  <testcase classname="com.learning_Automation_Day17_28th_Aug_TestNG_DataProviderWithExcelSheet.TestCases" name="registerTest" time="8.039"/>
  <testcase classname="com.learning_Automation_Day17_28th_Aug_TestNG_DataProviderWithExcelSheet.TestCases" name="registerTest" time="7.855"/>
  <testcase classname="com.learning_Automation_Day17_28th_Aug_TestNG_DataProviderWithExcelSheet.TestCases" name="registerTest" time="7.782"/>
  <testcase classname="com.learning_Automation_Day17_28th_Aug_TestNG_DataProviderWithExcelSheet.TestCases" name="registerTest" time="7.136"/>
  <testcase classname="com.learning_Automation_Day17_28th_Aug_TestNG_DataProviderWithExcelSheet.TestCases" name="registerTest" time="7.324"/>
  <testcase classname="com.learning_Automation_Day17_28th_Aug_TestNG_DataProviderWithExcelSheet.TestCases" name="registerTest" time="7.082"/>
  <testcase classname="com.learning_Automation_Day17_28th_Aug_TestNG_DataProviderWithExcelSheet.TestCases" name="registerTest" time="7.679"/>
  <testcase classname="com.learning_Automation_Day17_28th_Aug_TestNG_DataProviderWithExcelSheet.TestCases" name="registerTest" time="7.555"/>
  <testcase classname="com.learning_Automation_Day17_28th_Aug_TestNG_DataProviderWithExcelSheet.TestCases" name="registerTest" time="7.338"/>
  <testcase classname="com.learning_Automation_Day17_28th_Aug_TestNG_DataProviderWithExcelSheet.TestCases" name="registerTest" time="7.470"/>
</testsuite> <!-- com.learning_Automation_Day17_28th_Aug_TestNG_DataProviderWithExcelSheet.TestCases -->
