<?xml version="1.0" encoding="UTF-8"?>
<!-- Generated by org.testng.reporters.JUnitReportReporter -->
<testsuite hostname="SarthakDell" failures="0" tests="3" name="com.learning_Automation_Day11_7th_Aug_TestNG_BatchRunning.SearchProductTest" time="16.436" errors="0" timestamp="29 Aug 2024 02:03:14 GMT" skipped="0">
  <testcase classname="com.learning_Automation_Day11_7th_Aug_TestNG_BatchRunning.SearchProductTest" name="verifySearchWithNoProduct" time="4.965"/>
  <testcase classname="com.learning_Automation_Day11_7th_Aug_TestNG_BatchRunning.SearchProductTest" name="verifySearchWithValidProduct" time="5.785"/>
  <testcase classname="com.learning_Automation_Day11_7th_Aug_TestNG_BatchRunning.SearchProductTest" name="verifySearchWithInvalidProduct" time="5.686"/>
</testsuite> <!-- com.learning_Automation_Day11_7th_Aug_TestNG_BatchRunning.SearchProductTest -->
