<?xml version="1.0" encoding="UTF-8"?>
<!-- Generated by org.testng.reporters.JUnitReportReporter -->
<testsuite hostname="SarthakDell" failures="0" tests="1" name="com.learning_Automation_Day20_10th_Sep_MouseActions.Mouse" time="3.195" errors="0" timestamp="11 Sep 2024 01:13:47 GMT" skipped="0">
  <testcase classname="com.learning_Automation_Day20_10th_Sep_MouseActions.Mouse" name="dragAndDropOperation" time="3.195"/>
</testsuite> <!-- com.learning_Automation_Day20_10th_Sep_MouseActions.Mouse -->
