<?xml version="1.0" encoding="UTF-8"?>
<!-- Generated by org.testng.reporters.JUnitReportReporter -->
<testsuite hostname="SarthakDell" failures="0" tests="3" name="com.learning_Automation_Day17_28th_Aug_TestNG_DataProvider.Topic1_Rules" time="0.013" errors="0" timestamp="28 Aug 2024 22:42:20 GMT" skipped="0">
  <testcase classname="com.learning_Automation_Day17_28th_Aug_TestNG_DataProvider.Topic1_Rules" name="checkResult" time="0.001"/>
  <testcase classname="com.learning_Automation_Day17_28th_Aug_TestNG_DataProvider.Topic1_Rules" name="checkResult" time="0.011"/>
  <testcase classname="com.learning_Automation_Day17_28th_Aug_TestNG_DataProvider.Topic1_Rules" name="checkResult" time="0.001"/>
</testsuite> <!-- com.learning_Automation_Day17_28th_Aug_TestNG_DataProvider.Topic1_Rules -->
