<?xml version="1.0" encoding="UTF-8"?>
<!-- Generated by org.testng.reporters.JUnitReportReporter -->
<testsuite hostname="SarthakDell" failures="0" tests="1" name="com.learning_Automation_Day15_21st_Aug_Screenshots.OpenWeatherMap" time="4.984" errors="0" timestamp="22 Aug 2024 01:06:36 GMT" skipped="0">
  <testcase classname="com.learning_Automation_Day15_21st_Aug_Screenshots.OpenWeatherMap" name="screenshotCode" time="4.984"/>
</testsuite> <!-- com.learning_Automation_Day15_21st_Aug_Screenshots.OpenWeatherMap -->
