<?xml version="1.0" encoding="UTF-8"?>
<!-- Generated by org.testng.reporters.JUnitReportReporter -->
<testsuite hostname="SarthakDell" failures="0" tests="1" name="com.learning_Automation_Day17_28th_Aug_TestNG_Parameterization.Topic1" time="6.937" errors="0" timestamp="29 Aug 2024 01:24:46 GMT" skipped="0">
  <testcase classname="com.learning_Automation_Day17_28th_Aug_TestNG_Parameterization.Topic1" name="loginTest" time="6.937"/>
</testsuite> <!-- com.learning_Automation_Day17_28th_Aug_TestNG_Parameterization.Topic1 -->
