<?xml version="1.0" encoding="UTF-8"?>
<!-- Generated by org.testng.reporters.JUnitReportReporter -->
<testsuite hostname="SarthakDell" failures="0" tests="1" name="com.learning_Automation_Day16_27th_Aug_ScreenRecording.LoginTest" time="7.217" errors="0" timestamp="28 Aug 2024 01:56:02 GMT" skipped="0">
  <testcase classname="com.learning_Automation_Day16_27th_Aug_ScreenRecording.LoginTest" name="recordingLoginTest" time="7.217"/>
</testsuite> <!-- com.learning_Automation_Day16_27th_Aug_ScreenRecording.LoginTest -->
