<?xml version="1.0" encoding="UTF-8"?>
<!-- Generated by org.testng.reporters.JUnitReportReporter -->
<testsuite hostname="SarthakDell" failures="0" tests="5" name="com.learning_Automation_Day10_6th_Aug_TestNG_BASICS.Topic10_Using_Assert_LoginTest" time="14.387" errors="0" timestamp="2024-08-06T21:33:26 EDT" skipped="3">
  <testcase classname="com.learning_Automation_Day10_6th_Aug_TestNG_BASICS.Topic10_Using_Assert_LoginTest" name="verifyLoginWithValidCredentials" time="8.336"/>
  <testcase classname="com.learning_Automation_Day10_6th_Aug_TestNG_BASICS.Topic10_Using_Assert_LoginTest" name="verifyLoginWithValidEmailInvalidPassword" time="6.051"/>
  <testcase classname="com.learning_Automation_Day10_6th_Aug_TestNG_BASICS.Topic10_Using_Assert_LoginTest" name="verifyLoginWithInvalidCredentials">
    <skipped/>
  </testcase> <!-- verifyLoginWithInvalidCredentials -->
  <testcase classname="com.learning_Automation_Day10_6th_Aug_TestNG_BASICS.Topic10_Using_Assert_LoginTest" name="verifyLoginWithInvalidEmailValidPassword">
    <skipped/>
  </testcase> <!-- verifyLoginWithInvalidEmailValidPassword -->
  <testcase classname="com.learning_Automation_Day10_6th_Aug_TestNG_BASICS.Topic10_Using_Assert_LoginTest" name="verifyLoginWithNoCredentials">
    <skipped/>
  </testcase> <!-- verifyLoginWithNoCredentials -->
</testsuite> <!-- com.learning_Automation_Day10_6th_Aug_TestNG_BASICS.Topic10_Using_Assert_LoginTest -->
