<?xml version="1.0" encoding="UTF-8"?>
<!-- Generated by org.testng.reporters.JUnitReportReporter -->
<testsuite hostname="SarthakDell" failures="0" tests="7" name="com.learning_Automation_Day17_28th_Aug_TestNG_DataProvider.Topic2_LoginExample" time="46.569" errors="0" timestamp="28 Aug 2024 22:51:03 GMT" skipped="0">
  <testcase classname="com.learning_Automation_Day17_28th_Aug_TestNG_DataProvider.Topic2_LoginExample" name="loginTNTest" time="6.660"/>
  <testcase classname="com.learning_Automation_Day17_28th_Aug_TestNG_DataProvider.Topic2_LoginExample" name="loginTNTest" time="7.119"/>
  <testcase classname="com.learning_Automation_Day17_28th_Aug_TestNG_DataProvider.Topic2_LoginExample" name="loginTNTest" time="6.829"/>
  <testcase classname="com.learning_Automation_Day17_28th_Aug_TestNG_DataProvider.Topic2_LoginExample" name="loginTNTest" time="6.562"/>
  <testcase classname="com.learning_Automation_Day17_28th_Aug_TestNG_DataProvider.Topic2_LoginExample" name="loginTNTest" time="6.211"/>
  <testcase classname="com.learning_Automation_Day17_28th_Aug_TestNG_DataProvider.Topic2_LoginExample" name="loginTNTest" time="6.701"/>
  <testcase classname="com.learning_Automation_Day17_28th_Aug_TestNG_DataProvider.Topic2_LoginExample" name="loginTNTest" time="6.487"/>
</testsuite> <!-- com.learning_Automation_Day17_28th_Aug_TestNG_DataProvider.Topic2_LoginExample -->
