<?xml version="1.0" encoding="UTF-8"?>
<!-- Generated by org.testng.reporters.JUnitReportReporter -->
<testsuite hostname="SarthakSyduAIO" failures="0" tests="3" name="com.learning_Automation_Day13_14th_Aug_TestBase.SearchProductTest" time="15.178" errors="0" timestamp="2024-08-14T21:55:20 EDT" skipped="0">
  <testcase classname="com.learning_Automation_Day13_14th_Aug_TestBase.SearchProductTest" name="verifySearchWithValidProduct" time="5.687"/>
  <system-out/>
  <testcase classname="com.learning_Automation_Day13_14th_Aug_TestBase.SearchProductTest" name="verifySearchWithInvalidProduct" time="5.294"/>
  <system-out/>
  <testcase classname="com.learning_Automation_Day13_14th_Aug_TestBase.SearchProductTest" name="verifySearchWithNoProduct" time="4.197"/>
  <system-out/>
</testsuite> <!-- com.learning_Automation_Day13_14th_Aug_TestBase.SearchProductTest -->
