<?xml version="1.0" encoding="UTF-8"?>
<!-- Generated by org.testng.reporters.JUnitReportReporter -->
<testsuite hostname="SarthakDell" failures="0" tests="1" name="com.learning_Automation_Day17_28th_Aug_TestNG_SuiteB.Register1Test" time="0.002" errors="0" timestamp="29 Aug 2024 01:48:08 GMT" skipped="0">
  <testcase classname="com.learning_Automation_Day17_28th_Aug_TestNG_SuiteB.Register1Test" name="part1" time="0.002"/>
</testsuite> <!-- com.learning_Automation_Day17_28th_Aug_TestNG_SuiteB.Register1Test -->
