<?xml version="1.0" encoding="UTF-8"?>
<!-- Generated by org.testng.reporters.JUnitReportReporter -->
<testsuite hostname="SarthakDell" failures="0" tests="2" name="com.learning_Automation_Day10_6th_Aug_TestNG_BASICS.Topic4_Most_Important_Annotations" time="0.036" errors="0" timestamp="2024-08-06T19:33:38 EDT" skipped="0">
  <testcase classname="com.learning_Automation_Day10_6th_Aug_TestNG_BASICS.Topic4_Most_Important_Annotations" name="testCase1" time="0.030"/>
  <testcase classname="com.learning_Automation_Day10_6th_Aug_TestNG_BASICS.Topic4_Most_Important_Annotations" name="testCase2" time="0.006"/>
</testsuite> <!-- com.learning_Automation_Day10_6th_Aug_TestNG_BASICS.Topic4_Most_Important_Annotations -->
