<?xml version="1.0" encoding="UTF-8"?>
<!-- Generated by org.testng.reporters.JUnitReportReporter -->
<testsuite hostname="SarthakDell" failures="0" tests="1" name="com.learning_Automation_Day21_11th_Sep_AutomationPractice.OmayoBlogSpot" time="2.472" errors="0" timestamp="11 Sep 2024 23:19:53 GMT" skipped="0">
  <testcase classname="com.learning_Automation_Day21_11th_Sep_AutomationPractice.OmayoBlogSpot" name="textBoxWithPreLoadedText" time="2.472"/>
</testsuite> <!-- com.learning_Automation_Day21_11th_Sep_AutomationPractice.OmayoBlogSpot -->
