<?xml version="1.0" encoding="UTF-8"?>
<!-- Generated by org.testng.reporters.JUnitReportReporter -->
<testsuite hostname="SarthakDell" failures="0" tests="13" name="com.learning_Automation_Day17_28th_Aug_TestNG_DataProvider.Topic5_External_TestCases" time="100.850" errors="0" timestamp="28 Aug 2024 23:26:56 GMT" skipped="0">
  <testcase classname="com.learning_Automation_Day17_28th_Aug_TestNG_DataProvider.Topic5_External_TestCases" name="loginTNTest" time="7.059"/>
  <testcase classname="com.learning_Automation_Day17_28th_Aug_TestNG_DataProvider.Topic5_External_TestCases" name="registerTest" time="8.589"/>
  <testcase classname="com.learning_Automation_Day17_28th_Aug_TestNG_DataProvider.Topic5_External_TestCases" name="registerTest" time="8.270"/>
  <testcase classname="com.learning_Automation_Day17_28th_Aug_TestNG_DataProvider.Topic5_External_TestCases" name="loginTNTest" time="6.659"/>
  <testcase classname="com.learning_Automation_Day17_28th_Aug_TestNG_DataProvider.Topic5_External_TestCases" name="loginTNTest" time="6.917"/>
  <testcase classname="com.learning_Automation_Day17_28th_Aug_TestNG_DataProvider.Topic5_External_TestCases" name="registerTest" time="8.719"/>
  <testcase classname="com.learning_Automation_Day17_28th_Aug_TestNG_DataProvider.Topic5_External_TestCases" name="loginTNTest" time="6.658"/>
  <testcase classname="com.learning_Automation_Day17_28th_Aug_TestNG_DataProvider.Topic5_External_TestCases" name="loginTNTest" time="6.555"/>
  <testcase classname="com.learning_Automation_Day17_28th_Aug_TestNG_DataProvider.Topic5_External_TestCases" name="loginTNTest" time="7.880"/>
  <testcase classname="com.learning_Automation_Day17_28th_Aug_TestNG_DataProvider.Topic5_External_TestCases" name="loginTNTest" time="7.008"/>
  <testcase classname="com.learning_Automation_Day17_28th_Aug_TestNG_DataProvider.Topic5_External_TestCases" name="registerTest" time="9.130"/>
  <testcase classname="com.learning_Automation_Day17_28th_Aug_TestNG_DataProvider.Topic5_External_TestCases" name="registerTest" time="8.621"/>
  <testcase classname="com.learning_Automation_Day17_28th_Aug_TestNG_DataProvider.Topic5_External_TestCases" name="registerTest" time="8.785"/>
</testsuite> <!-- com.learning_Automation_Day17_28th_Aug_TestNG_DataProvider.Topic5_External_TestCases -->
