<?xml version="1.0" encoding="UTF-8"?>
<!-- Generated by org.testng.reporters.JUnitReportReporter -->
<testsuite hostname="SarthakDell" failures="0" tests="1" name="com.learning_Automation_Day15_21st_Aug_Upload_File.UploadFile" time="6.446" errors="0" timestamp="18 Sep 2024 00:04:17 GMT" skipped="0">
  <testcase classname="com.learning_Automation_Day15_21st_Aug_Upload_File.UploadFile" name="uploadingAFileInSelenium" time="6.446"/>
</testsuite> <!-- com.learning_Automation_Day15_21st_Aug_Upload_File.UploadFile -->
